# SF-003 Build Log

## Command
```bash
npm run build
```

## Output
```
> digital-dashboard@0.1.0 build
> next build

▲ Next.js 16.2.6 (Turbopack)
- Environments: .env.local

⚠ The "middleware" file convention is deprecated. Please use "proxy" instead. Learn more: https://nextjs.org/docs/messages/middleware-to-proxy
  Creating an optimized production build ...
✓ Compiled successfully in 6.2s
  Running TypeScript ...
  Finished TypeScript in 4.8s ...
  Collecting page data using 11 workers ...
  Generating static pages using 11 workers (0/14) ...
  Generating static pages using 11 workers (3/14) ...
  Generating static pages using 11 workers (6/14) ...
  Generating static pages using 11 workers (10/14) ...
✓ Generating static pages using 11 workers (14/14) in 334ms
  Finalizing page optimization ...

Route (app)
┌ ƒ /
├ ƒ /_not-found
├ ƒ /api/admin/migrate
├ ƒ /api/auth/[...nextauth]
├ ƒ /api/auth/register
├ ƒ /api/campaigns
├ ƒ /api/campaigns/[id]
├ ƒ /api/filters
├ ƒ /api/filters/[id]
├ ƒ /api/templates
├ ƒ /api/templates/[id]
├ ƒ /campaigns
├ ƒ /contact
├ ƒ /dashboard
├ ƒ /faq
├ ƒ /login
└ ƒ /register


ƒ Proxy (Middleware)

ƒ  (Dynamic)  server-rendered on demand
```

## Result
- **Status**: PASS
- **Errors**: 0
- **Warnings**: 1 pre-existing (middleware deprecation, unrelated to styling refactor)
- **TypeScript**: Passed
- **Static generation**: 14/14 pages generated successfully

## Files Changed in This Wave
- `src/app/globals.css` — added `@custom-variant dark`, dark mode token overrides
- `src/app/layout.tsx` — added theme bootstrap inline script in `<head>`
- `src/components/ui/ThemeToggle.tsx` — new file (theme toggle component)
- `src/components/layout/Navbar.tsx` — imported and rendered ThemeToggle
